nohup: ignoring input
INFO:     Started server process [2941]
INFO:     Waiting for application startup.
INFO:     Application startup complete.
INFO:     Uvicorn running on http://0.0.0.0:8080 (Press CTRL+C to quit)
Google key loaded: AIzaSyAl9j...
GitLab user: suryahackathon-cyber
MongoDB: Connected
Arize: Connected
MongoDB connection failed (non-critical): SSL handshake failed: ac-j5lljjg-shard-00-00.9dcmmas.mongodb.net:27017: [SSL: TLSV1_ALERT_INTERNAL_ERROR] tlsv1 alert internal error (_ssl.c:1000) (configured timeouts: socketTimeoutMS: 10000.0ms, connectTimeoutMS: 10000.0ms),SSL handshake failed: ac-j5lljjg-shard-00-02.9dcmmas.mongodb.net:27017: [SSL: TLSV1_ALERT_INTERNAL_ERROR] tlsv1 alert internal error (_ssl.c:1000) (configured timeouts: socketTimeoutMS: 10000.0ms, connectTimeoutMS: 10000.0ms),SSL handshake failed: ac-j5lljjg-shard-00-01.9dcmmas.mongodb.net:27017: [SSL: TLSV1_ALERT_INTERNAL_ERROR] tlsv1 alert internal error (_ssl.c:1000) (configured timeouts: socketTimeoutMS: 10000.0ms, connectTimeoutMS: 10000.0ms), Timeout: 10.0s, Topology Description: <TopologyDescription id: 6a12b322d42477241c0ecfee, topology_type: ReplicaSetNoPrimary, servers: [<ServerDescription ('ac-j5lljjg-shard-00-00.9dcmmas.mongodb.net', 27017) server_type: Unknown, rtt: None, error=AutoReconnect('SSL handshake failed: ac-j5lljjg-shard-00-00.9dcmmas.mongodb.net:27017: [SSL: TLSV1_ALERT_INTERNAL_ERROR] tlsv1 alert internal error (_ssl.c:1000) (configured timeouts: socketTimeoutMS: 10000.0ms, connectTimeoutMS: 10000.0ms)')>, <ServerDescription ('ac-j5lljjg-shard-00-01.9dcmmas.mongodb.net', 27017) server_type: Unknown, rtt: None, error=AutoReconnect('SSL handshake failed: ac-j5lljjg-shard-00-01.9dcmmas.mongodb.net:27017: [SSL: TLSV1_ALERT_INTERNAL_ERROR] tlsv1 alert internal error (_ssl.c:1000) (configured timeouts: socketTimeoutMS: 10000.0ms, connectTimeoutMS: 10000.0ms)')>, <ServerDescription ('ac-j5lljjg-shard-00-02.9dcmmas.mongodb.net', 27017) server_type: Unknown, rtt: None, error=AutoReconnect('SSL handshake failed: ac-j5lljjg-shard-00-02.9dcmmas.mongodb.net:27017: [SSL: TLSV1_ALERT_INTERNAL_ERROR] tlsv1 alert internal error (_ssl.c:1000) (configured timeouts: socketTimeoutMS: 10000.0ms, connectTimeoutMS: 10000.0ms)')>]>
Arize ready!
INFO:     127.0.0.1:42884 - "GET /health HTTP/1.1" 200 OK
INFO:     127.0.0.1:47200 - "GET /?authuser=0 HTTP/1.1" 200 OK
Traceback (most recent call last):
  File "/home/surya_hackathon/ai-team-hackathon/backend/main.py", line 190, in run_company
    response = gemini_generate(req.idea, system_instruction=PLAN_INSTRUCTIONS)
               ^^^^^^^^^^^^^^^^^^^^^^^^^^^^^^^^^^^^^^^^^^^^^^^^^^^^^^^^^^^^^^^
  File "/home/surya_hackathon/ai-team-hackathon/backend/main.py", line 124, in gemini_generate
    raise e
  File "/home/surya_hackathon/ai-team-hackathon/backend/main.py", line 112, in gemini_generate
    response = client.models.generate_content(
               ^^^^^^^^^^^^^^^^^^^^^^^^^^^^^^^
  File "/usr/local/lib/python3.12/dist-packages/google/genai/models.py", line 5864, in generate_content
    response = self._generate_content(
               ^^^^^^^^^^^^^^^^^^^^^^^
  File "/usr/local/lib/python3.12/dist-packages/google/genai/models.py", line 4526, in _generate_content
    response = self._api_client.request(
               ^^^^^^^^^^^^^^^^^^^^^^^^^
  File "/usr/local/lib/python3.12/dist-packages/google/genai/_api_client.py", line 1402, in request
    response = self._request(http_request, http_options, stream=False)
               ^^^^^^^^^^^^^^^^^^^^^^^^^^^^^^^^^^^^^^^^^^^^^^^^^^^^^^^
  File "/usr/local/lib/python3.12/dist-packages/google/genai/_api_client.py", line 1238, in _request
    return self._retry(self._request_once, http_request, stream)  # type: ignore[no-any-return]
           ^^^^^^^^^^^^^^^^^^^^^^^^^^^^^^^^^^^^^^^^^^^^^^^^^^^^^
  File "/usr/local/lib/python3.12/dist-packages/tenacity/__init__.py", line 470, in __call__
    do = self.iter(retry_state=retry_state)
         ^^^^^^^^^^^^^^^^^^^^^^^^^^^^^^^^^^
  File "/usr/local/lib/python3.12/dist-packages/tenacity/__init__.py", line 371, in iter
    result = action(retry_state)
             ^^^^^^^^^^^^^^^^^^^
  File "/usr/local/lib/python3.12/dist-packages/tenacity/__init__.py", line 413, in exc_check
    raise retry_exc.reraise()
          ^^^^^^^^^^^^^^^^^^^
  File "/usr/local/lib/python3.12/dist-packages/tenacity/__init__.py", line 184, in reraise
    raise self.last_attempt.result()
          ^^^^^^^^^^^^^^^^^^^^^^^^^^
  File "/usr/lib/python3.12/concurrent/futures/_base.py", line 449, in result
    return self.__get_result()
           ^^^^^^^^^^^^^^^^^^^
  File "/usr/lib/python3.12/concurrent/futures/_base.py", line 401, in __get_result
    raise self._exception
  File "/usr/local/lib/python3.12/dist-packages/tenacity/__init__.py", line 473, in __call__
    result = fn(*args, **kwargs)
             ^^^^^^^^^^^^^^^^^^^
  File "/usr/local/lib/python3.12/dist-packages/google/genai/_api_client.py", line 1215, in _request_once
    errors.APIError.raise_for_response(response)
  File "/usr/local/lib/python3.12/dist-packages/google/genai/errors.py", line 134, in raise_for_response
    cls.raise_error(response.status_code, response_json, response)
  File "/usr/local/lib/python3.12/dist-packages/google/genai/errors.py", line 159, in raise_error
    raise ClientError(status_code, response_json, response)
google.genai.errors.ClientError: 403 PERMISSION_DENIED. {'error': {'code': 403, 'message': 'Your API key was reported as leaked. Please use another API key.', 'status': 'PERMISSION_DENIED'}}

INFO:     127.0.0.1:48066 - "POST /run HTTP/1.1" 500 Internal Server Error
